TN:
SF:src/App.jsx
FN:5,render
FNF:1
FNH:1
FNDA:1,render
DA:1,1
DA:2,1
DA:3,1
DA:4,1
DA:5,1
DA:6,1
DA:7,1
DA:8,1
DA:9,1
DA:10,1
LF:10
LH:10
BRDA:5,0,0,1
BRF:1
BRH:1
end_of_record
TN:
SF:src/index.jsx
FN:1,(empty-report)
FNF:1
FNH:0
FNDA:0,(empty-report)
DA:1,0
DA:2,0
DA:3,0
DA:4,0
DA:5,0
DA:6,0
DA:7,0
DA:8,0
DA:9,0
LF:9
LH:0
BRDA:1,0,0,0
BRF:1
BRH:0
end_of_record
TN:
SF:src/components/SidebarContainer.jsx
FN:22,SidebarContainer
FN:30,componentDidCatch
FN:38,handleCurActivPanelIdChange
FN:53,render
FNF:4
FNH:2
FNDA:2,SidebarContainer
FNDA:0,componentDidCatch
FNDA:0,handleCurActivPanelIdChange
FNDA:1,render
DA:1,1
DA:2,1
DA:3,1
DA:4,1
DA:5,1
DA:6,1
DA:7,1
DA:8,1
DA:9,1
DA:10,1
DA:11,1
DA:12,1
DA:13,1
DA:14,1
DA:15,1
DA:16,1
DA:17,1
DA:18,1
DA:19,1
DA:20,1
DA:21,1
DA:22,1
DA:23,2
DA:24,2
DA:25,2
DA:26,2
DA:27,2
DA:28,2
DA:29,1
DA:30,1
DA:31,0
DA:32,1
DA:33,1
DA:34,1
DA:35,1
DA:36,1
DA:37,1
DA:38,1
DA:39,0
DA:40,0
DA:41,0
DA:42,0
DA:43,0
DA:44,0
DA:45,0
DA:46,0
DA:47,0
DA:48,1
DA:49,1
DA:50,1
DA:51,1
DA:52,1
DA:53,1
DA:54,1
DA:55,1
DA:56,1
DA:57,1
DA:58,1
DA:59,1
DA:60,1
DA:61,1
DA:62,1
DA:63,1
DA:64,1
DA:65,1
DA:66,1
DA:67,1
DA:68,1
DA:69,1
DA:70,1
DA:71,1
DA:72,1
DA:73,1
DA:74,1
DA:75,1
DA:76,1
DA:77,1
DA:78,1
DA:79,1
DA:80,1
DA:81,1
DA:82,1
DA:83,1
DA:84,1
DA:85,1
DA:86,1
DA:87,1
LF:87
LH:77
BRDA:22,0,0,2
BRDA:53,1,0,1
BRF:2
BRH:2
end_of_record
TN:
SF:src/services/Reline/RelineValidator.ts
FN:32,RelineValidator
FN:60,isValidElementBase
FN:82,isValidNode
FN:103,isValidEdge
FN:123,isValidGraph
FN:155,isValidGraphs
FNF:6
FNH:6
FNDA:20,RelineValidator
FNDA:4,isValidElementBase
FNDA:6,isValidNode
FNDA:4,isValidEdge
FNDA:6,isValidGraph
FNDA:2,isValidGraphs
DA:1,1
DA:2,1
DA:3,1
DA:4,1
DA:5,1
DA:6,1
DA:7,1
DA:8,1
DA:9,1
DA:10,1
DA:11,1
DA:12,1
DA:13,1
DA:14,1
DA:15,1
DA:16,1
DA:17,1
DA:18,1
DA:19,1
DA:20,1
DA:21,1
DA:22,1
DA:23,1
DA:24,1
DA:25,1
DA:26,1
DA:27,1
DA:28,1
DA:29,1
DA:30,1
DA:31,1
DA:32,1
DA:33,20
DA:34,20
DA:35,20
DA:36,20
DA:37,20
DA:38,20
DA:39,20
DA:40,20
DA:41,20
DA:42,20
DA:43,20
DA:44,20
DA:45,20
DA:46,20
DA:47,20
DA:48,20
DA:49,20
DA:50,20
DA:51,20
DA:52,20
DA:53,20
DA:54,1
DA:55,1
DA:56,1
DA:57,1
DA:58,1
DA:59,1
DA:60,1
DA:61,4
DA:62,4
DA:63,4
DA:64,4
DA:65,1
DA:66,1
DA:67,4
DA:68,4
DA:69,4
DA:70,4
DA:71,4
DA:72,1
DA:73,1
DA:74,2
DA:75,2
DA:76,1
DA:77,1
DA:78,1
DA:79,1
DA:80,1
DA:81,1
DA:82,1
DA:83,6
DA:84,6
DA:85,6
DA:86,1
DA:87,1
DA:88,5
DA:89,5
DA:90,5
DA:91,5
DA:92,6
DA:93,1
DA:94,1
DA:95,6
DA:96,6
DA:97,1
DA:98,1
DA:99,1
DA:100,1
DA:101,1
DA:102,1
DA:103,1
DA:104,4
DA:105,4
DA:106,4
DA:107,2
DA:108,2
DA:109,2
DA:110,2
DA:111,2
DA:112,4
DA:113,0
DA:114,0
DA:115,4
DA:116,4
DA:117,1
DA:118,1
DA:119,1
DA:120,1
DA:121,1
DA:122,1
DA:123,1
DA:124,6
DA:125,6
DA:126,6
DA:127,6
DA:128,4
DA:129,4
DA:130,4
DA:131,6
DA:132,6
DA:133,6
DA:134,6
DA:135,6
DA:136,0
DA:137,0
DA:138,6
DA:139,6
DA:140,6
DA:141,6
DA:142,1
DA:143,0
DA:144,0
DA:145,1
DA:146,6
DA:147,6
DA:148,6
DA:149,1
DA:150,1
DA:151,1
DA:152,1
DA:153,1
DA:154,1
DA:155,1
DA:156,2
DA:157,2
DA:158,2
DA:159,1
DA:160,1
DA:161,1
DA:162,1
DA:163,1
DA:164,1
DA:165,1
DA:166,1
DA:167,1
DA:168,1
DA:169,1
DA:170,1
DA:171,1
DA:172,1
DA:173,1
DA:174,1
LF:174
LH:168
BRDA:32,0,0,20
BRDA:60,1,0,4
BRDA:64,2,0,1
BRDA:71,3,0,2
BRDA:71,4,0,1
BRDA:82,5,0,6
BRDA:85,6,0,1
BRDA:88,7,0,5
BRDA:92,8,0,1
BRDA:103,9,0,4
BRDA:106,10,0,2
BRDA:112,11,0,0
BRDA:123,12,0,6
BRDA:127,13,0,4
BRDA:135,14,0,0
BRDA:141,15,0,1
BRDA:142,16,0,0
BRDA:155,17,0,2
BRDA:158,18,0,1
BRF:19
BRH:16
end_of_record
TN:
SF:src/services/Reline/interfaces/edge.relineSchema.ts
FN:1,(empty-report)
FNF:1
FNH:0
FNDA:0,(empty-report)
DA:1,0
DA:2,0
DA:3,0
DA:4,0
DA:5,0
DA:6,0
DA:7,0
DA:8,0
DA:9,0
DA:10,0
DA:11,0
DA:12,0
DA:13,0
DA:14,0
DA:15,0
DA:16,0
DA:17,0
DA:18,0
DA:19,0
DA:20,0
DA:21,0
DA:22,0
DA:23,0
LF:23
LH:0
BRDA:1,0,0,0
BRF:1
BRH:0
end_of_record
TN:
SF:src/services/Reline/interfaces/elementBase.relineSchema.ts
FN:1,(empty-report)
FNF:1
FNH:0
FNDA:0,(empty-report)
DA:1,0
DA:2,0
DA:3,0
DA:4,0
DA:5,0
DA:6,0
DA:7,0
DA:8,0
DA:9,0
DA:10,0
DA:11,0
DA:12,0
DA:13,0
DA:14,0
DA:15,0
DA:16,0
DA:17,0
DA:18,0
DA:19,0
DA:20,0
LF:20
LH:0
BRDA:1,0,0,0
BRF:1
BRH:0
end_of_record
TN:
SF:src/services/Reline/interfaces/graph.relineSchema.ts
FN:1,(empty-report)
FNF:1
FNH:0
FNDA:0,(empty-report)
DA:1,0
DA:2,0
DA:3,0
DA:4,0
DA:5,0
DA:6,0
DA:7,0
DA:8,0
DA:9,0
DA:10,0
DA:11,0
DA:12,0
DA:13,0
DA:14,0
DA:15,0
DA:16,0
DA:17,0
DA:18,0
DA:19,0
DA:20,0
DA:21,0
DA:22,0
DA:23,0
DA:24,0
DA:25,0
DA:26,0
DA:27,0
DA:28,0
DA:29,0
DA:30,0
DA:31,0
DA:32,0
DA:33,0
DA:34,0
DA:35,0
DA:36,0
DA:37,0
DA:38,0
DA:39,0
DA:40,0
DA:41,0
DA:42,0
LF:42
LH:0
BRDA:1,0,0,0
BRF:1
BRH:0
end_of_record
TN:
SF:src/services/Reline/interfaces/graphs.relineSchema.ts
FN:1,(empty-report)
FNF:1
FNH:0
FNDA:0,(empty-report)
DA:1,0
DA:2,0
DA:3,0
DA:4,0
DA:5,0
DA:6,0
DA:7,0
DA:8,0
DA:9,0
DA:10,0
DA:11,0
DA:12,0
DA:13,0
DA:14,0
DA:15,0
DA:16,0
DA:17,0
DA:18,0
DA:19,0
DA:20,0
DA:21,0
DA:22,0
DA:23,0
DA:24,0
DA:25,0
DA:26,0
DA:27,0
DA:28,0
DA:29,0
DA:30,0
DA:31,0
DA:32,0
DA:33,0
DA:34,0
DA:35,0
DA:36,0
DA:37,0
DA:38,0
DA:39,0
DA:40,0
DA:41,0
DA:42,0
DA:43,0
DA:44,0
DA:45,0
DA:46,0
DA:47,0
DA:48,0
DA:49,0
DA:50,0
DA:51,0
DA:52,0
DA:53,0
DA:54,0
DA:55,0
DA:56,0
DA:57,0
DA:58,0
DA:59,0
DA:60,0
DA:61,0
DA:62,0
DA:63,0
DA:64,0
DA:65,0
DA:66,0
DA:67,0
DA:68,0
DA:69,0
LF:69
LH:0
BRDA:1,0,0,0
BRF:1
BRH:0
end_of_record
TN:
SF:src/services/Reline/interfaces/node.relineSchema.ts
FN:1,(empty-report)
FNF:1
FNH:0
FNDA:0,(empty-report)
DA:1,0
DA:2,0
DA:3,0
DA:4,0
DA:5,0
DA:6,0
DA:7,0
DA:8,0
DA:9,0
DA:10,0
DA:11,0
DA:12,0
DA:13,0
DA:14,0
DA:15,0
DA:16,0
DA:17,0
DA:18,0
DA:19,0
DA:20,0
DA:21,0
LF:21
LH:0
BRDA:1,0,0,0
BRF:1
BRH:0
end_of_record
TN:
SF:src/services/Reline/schema/jsonschema2ts.ts
FN:1,(empty-report)
FNF:1
FNH:0
FNDA:0,(empty-report)
DA:1,0
DA:2,0
DA:3,0
DA:4,0
DA:5,0
DA:6,0
DA:7,0
DA:8,0
DA:9,0
DA:10,0
DA:11,0
DA:12,0
DA:13,0
DA:14,0
DA:15,0
DA:16,0
DA:17,0
DA:18,0
DA:19,0
DA:20,0
DA:21,0
LF:21
LH:0
BRDA:1,0,0,0
BRF:1
BRH:0
end_of_record
TN:
SF:src/services/Reline/utils/RelineEdgeUtil.ts
FN:24,create
FN:43,isEqual
FN:62,updateEnds
FNF:3
FNH:3
FNDA:2,create
FNDA:4,isEqual
FNDA:1,updateEnds
DA:1,1
DA:2,1
DA:3,1
DA:4,1
DA:5,1
DA:6,1
DA:7,1
DA:8,1
DA:9,1
DA:10,1
DA:11,1
DA:12,1
DA:13,1
DA:14,1
DA:15,1
DA:16,1
DA:17,1
DA:18,1
DA:19,1
DA:20,1
DA:21,1
DA:22,1
DA:23,1
DA:24,1
DA:25,2
DA:26,2
DA:27,2
DA:28,2
DA:29,2
DA:30,2
DA:31,2
DA:32,1
DA:33,1
DA:34,1
DA:35,1
DA:36,1
DA:37,1
DA:38,1
DA:39,1
DA:40,1
DA:41,1
DA:42,1
DA:43,1
DA:44,4
DA:45,4
DA:46,4
DA:47,4
DA:48,2
DA:49,2
DA:50,4
DA:51,1
DA:52,1
DA:53,1
DA:54,1
DA:55,1
DA:56,1
DA:57,1
DA:58,1
DA:59,1
DA:60,1
DA:61,1
DA:62,1
DA:63,1
DA:64,1
DA:65,1
DA:66,1
DA:67,1
DA:68,1
DA:69,1
LF:69
LH:69
BRDA:24,0,0,2
BRDA:43,1,0,4
BRDA:47,2,0,3
BRDA:47,3,0,2
BRDA:62,4,0,1
BRDA:63,5,0,0
BRDA:64,6,0,0
BRF:7
BRH:5
end_of_record
TN:
SF:src/services/Reline/utils/RelineElementBaseUtil.ts
FN:55,create
FN:80,copy
FN:93,isEqual
FN:122,updateField
FN:171,createField
FN:217,deleteField
FN:255,isEqualField
FN:270,updateId
FNF:8
FNH:8
FNDA:9,create
FNDA:2,copy
FNDA:10,isEqual
FNDA:12,updateField
FNDA:12,createField
FNDA:12,deleteField
FNDA:4,isEqualField
FNDA:4,updateId
DA:1,1
DA:2,1
DA:3,1
DA:4,1
DA:5,1
DA:6,1
DA:7,1
DA:8,1
DA:9,1
DA:10,1
DA:11,1
DA:12,1
DA:13,1
DA:14,1
DA:15,1
DA:16,1
DA:17,1
DA:18,1
DA:19,1
DA:20,1
DA:21,1
DA:22,1
DA:23,1
DA:24,1
DA:25,1
DA:26,1
DA:27,1
DA:28,1
DA:29,1
DA:30,1
DA:31,1
DA:32,1
DA:33,1
DA:34,1
DA:35,1
DA:36,1
DA:37,1
DA:38,1
DA:39,1
DA:40,1
DA:41,1
DA:42,1
DA:43,1
DA:44,1
DA:45,1
DA:46,1
DA:47,1
DA:48,1
DA:49,1
DA:50,1
DA:51,1
DA:52,1
DA:53,1
DA:54,1
DA:55,1
DA:56,9
DA:57,4
DA:58,2
DA:59,2
DA:60,2
DA:61,2
DA:62,4
DA:63,9
DA:64,9
DA:65,9
DA:66,9
DA:67,9
DA:68,9
DA:69,9
DA:70,9
DA:71,9
DA:72,1
DA:73,1
DA:74,1
DA:75,1
DA:76,1
DA:77,1
DA:78,1
DA:79,1
DA:80,1
DA:81,2
DA:82,2
DA:83,1
DA:84,1
DA:85,1
DA:86,1
DA:87,1
DA:88,1
DA:89,1
DA:90,1
DA:91,1
DA:92,1
DA:93,1
DA:94,10
DA:95,10
DA:96,10
DA:97,10
DA:98,10
DA:99,20
DA:100,20
DA:101,20
DA:102,10
DA:103,10
DA:104,10
DA:105,1
DA:106,1
DA:107,1
DA:108,1
DA:109,1
DA:110,1
DA:111,1
DA:112,1
DA:113,1
DA:114,1
DA:115,1
DA:116,1
DA:117,1
DA:118,1
DA:119,1
DA:120,1
DA:121,1
DA:122,1
DA:123,12
DA:124,12
DA:125,12
DA:126,12
DA:127,12
DA:128,12
DA:129,12
DA:130,4
DA:131,12
DA:132,4
DA:133,4
DA:134,4
DA:135,4
DA:136,12
DA:137,12
DA:138,2
DA:139,12
DA:140,2
DA:141,10
DA:142,2
DA:143,8
DA:144,2
DA:145,2
DA:146,2
DA:147,6
DA:148,2
DA:149,2
DA:150,2
DA:151,2
DA:152,2
DA:153,2
DA:154,2
DA:155,2
DA:156,12
DA:157,1
DA:158,1
DA:159,1
DA:160,1
DA:161,1
DA:162,1
DA:163,1
DA:164,1
DA:165,1
DA:166,1
DA:167,1
DA:168,1
DA:169,1
DA:170,1
DA:171,1
DA:172,12
DA:173,12
DA:174,12
DA:175,12
DA:176,12
DA:177,12
DA:178,4
DA:179,12
DA:180,4
DA:181,4
DA:182,4
DA:183,4
DA:184,12
DA:185,12
DA:186,2
DA:187,12
DA:188,2
DA:189,10
DA:190,2
DA:191,2
DA:192,2
DA:193,8
DA:194,2
DA:195,2
DA:196,2
DA:197,6
DA:198,2
DA:199,2
DA:200,2
DA:201,2
DA:202,12
DA:203,1
DA:204,1
DA:205,1
DA:206,1
DA:207,1
DA:208,1
DA:209,1
DA:210,1
DA:211,1
DA:212,1
DA:213,1
DA:214,1
DA:215,1
DA:216,1
DA:217,1
DA:218,12
DA:219,12
DA:220,12
DA:221,12
DA:222,12
DA:223,12
DA:224,4
DA:225,12
DA:226,4
DA:227,4
DA:228,4
DA:229,4
DA:230,12
DA:231,12
DA:232,2
DA:233,12
DA:234,2
DA:235,10
DA:236,2
DA:237,8
DA:238,2
DA:239,6
DA:240,2
DA:241,2
DA:242,2
DA:243,2
DA:244,2
DA:245,2
DA:246,12
DA:247,1
DA:248,1
DA:249,1
DA:250,1
DA:251,1
DA:252,1
DA:253,1
DA:254,1
DA:255,1
DA:256,4
DA:257,4
DA:258,1
DA:259,1
DA:260,1
DA:261,1
DA:262,1
DA:263,1
DA:264,1
DA:265,1
DA:266,1
DA:267,1
DA:268,1
DA:269,1
DA:270,1
DA:271,4
DA:272,2
DA:273,2
DA:274,2
DA:275,2
DA:276,2
DA:277,2
DA:278,1
DA:279,1
DA:280,1
LF:280
LH:280
BRDA:55,0,0,9
BRDA:56,1,0,4
BRDA:57,2,0,2
BRDA:80,3,0,2
BRDA:93,4,0,10
BRDA:98,5,0,20
BRDA:122,6,0,12
BRDA:129,7,0,4
BRDA:131,8,0,8
BRDA:131,9,0,4
BRDA:137,10,0,4
BRDA:137,11,0,2
BRDA:139,12,0,10
BRDA:139,13,0,2
BRDA:139,14,0,2
BRDA:141,15,0,8
BRDA:141,16,0,4
BRDA:141,17,0,2
BRDA:143,18,0,6
BRDA:143,19,0,2
BRDA:143,20,0,2
BRDA:147,21,0,4
BRDA:147,22,0,2
BRDA:171,23,0,12
BRDA:177,24,0,4
BRDA:179,25,0,8
BRDA:179,26,0,4
BRDA:185,27,0,4
BRDA:185,28,0,2
BRDA:187,29,0,10
BRDA:187,30,0,2
BRDA:187,31,0,2
BRDA:189,32,0,8
BRDA:189,33,0,4
BRDA:189,34,0,2
BRDA:193,35,0,6
BRDA:193,36,0,2
BRDA:193,37,0,2
BRDA:197,38,0,4
BRDA:197,39,0,2
BRDA:217,40,0,12
BRDA:223,41,0,4
BRDA:225,42,0,8
BRDA:225,43,0,4
BRDA:231,44,0,4
BRDA:231,45,0,2
BRDA:233,46,0,10
BRDA:233,47,0,2
BRDA:233,48,0,2
BRDA:235,49,0,8
BRDA:235,50,0,4
BRDA:235,51,0,2
BRDA:237,52,0,6
BRDA:237,53,0,2
BRDA:237,54,0,2
BRDA:239,55,0,4
BRDA:239,56,0,2
BRDA:255,57,0,4
BRDA:270,58,0,4
BRDA:271,59,0,2
BRF:60
BRH:60
end_of_record
TN:
SF:src/services/Reline/utils/RelineGraphUtil.ts
FN:24,create
FN:40,hasNode
FN:54,hasEdge
FN:74,isEqual
FN:104,insertNode
FN:108,deleteNode
FN:112,updateNode
FN:116,getNode
FN:120,addEdge
FN:124,updateEdge
FN:128,getEdge
FN:132,outgoers
FN:136,incomers
FN:140,DFS
FN:144,BFS
FNF:15
FNH:3
FNDA:1,create
FNDA:0,hasNode
FNDA:1,hasEdge
FNDA:2,isEqual
FNDA:0,insertNode
FNDA:0,deleteNode
FNDA:0,updateNode
FNDA:0,getNode
FNDA:0,addEdge
FNDA:0,updateEdge
FNDA:0,getEdge
FNDA:0,outgoers
FNDA:0,incomers
FNDA:0,DFS
FNDA:0,BFS
DA:1,1
DA:2,1
DA:3,1
DA:4,1
DA:5,1
DA:6,1
DA:7,1
DA:8,1
DA:9,1
DA:10,1
DA:11,1
DA:12,1
DA:13,1
DA:14,1
DA:15,1
DA:16,1
DA:17,1
DA:18,1
DA:19,1
DA:20,1
DA:21,1
DA:22,1
DA:23,1
DA:24,1
DA:25,1
DA:26,1
DA:27,1
DA:28,1
DA:29,1
DA:30,1
DA:31,0
DA:32,0
DA:33,1
DA:34,1
DA:35,1
DA:36,1
DA:37,1
DA:38,1
DA:39,1
DA:40,1
DA:41,0
DA:42,0
DA:43,0
DA:44,0
DA:45,0
DA:46,0
DA:47,0
DA:48,1
DA:49,1
DA:50,1
DA:51,1
DA:52,1
DA:53,1
DA:54,1
DA:55,1
DA:56,1
DA:57,0
DA:58,0
DA:59,1
DA:60,1
DA:61,1
DA:62,1
DA:63,1
DA:64,1
DA:65,1
DA:66,1
DA:67,1
DA:68,1
DA:69,1
DA:70,1
DA:71,1
DA:72,1
DA:73,1
DA:74,1
DA:75,2
DA:76,2
DA:77,2
DA:78,2
DA:79,0
DA:80,0
DA:81,2
DA:82,0
DA:83,0
DA:84,0
DA:85,0
DA:86,2
DA:87,0
DA:88,0
DA:89,0
DA:90,0
DA:91,2
DA:92,1
DA:93,1
DA:94,1
DA:95,1
DA:96,2
DA:97,0
DA:98,0
DA:99,0
DA:100,0
DA:101,2
DA:102,2
DA:103,1
DA:104,1
DA:105,0
DA:106,0
DA:107,1
DA:108,1
DA:109,0
DA:110,0
DA:111,1
DA:112,1
DA:113,0
DA:114,0
DA:115,1
DA:116,1
DA:117,0
DA:118,0
DA:119,1
DA:120,1
DA:121,0
DA:122,0
DA:123,1
DA:124,1
DA:125,0
DA:126,0
DA:127,1
DA:128,1
DA:129,0
DA:130,0
DA:131,1
DA:132,1
DA:133,0
DA:134,0
DA:135,1
DA:136,1
DA:137,0
DA:138,0
DA:139,1
DA:140,1
DA:141,0
DA:142,0
DA:143,1
DA:144,1
DA:145,0
DA:146,0
DA:147,1
DA:148,1
LF:148
LH:101
BRDA:24,0,0,1
BRDA:31,1,0,0
BRDA:54,2,0,1
BRDA:56,3,0,0
BRDA:74,4,0,2
BRDA:78,5,0,0
BRDA:81,6,0,0
BRDA:86,7,0,0
BRDA:91,8,0,1
BRDA:96,9,0,0
BRF:10
BRH:4
end_of_record
TN:
SF:src/services/Reline/utils/RelineGraphsUtil.ts
FN:1,(empty-report)
FNF:1
FNH:0
FNDA:0,(empty-report)
DA:1,0
LF:1
LH:0
BRDA:1,0,0,0
BRF:1
BRH:0
end_of_record
TN:
SF:src/services/Reline/utils/RelineNodeUtil.ts
FNF:0
FNH:0
DA:1,1
DA:2,1
DA:3,1
DA:4,1
DA:5,1
DA:6,1
DA:7,1
DA:8,1
DA:9,1
DA:10,1
DA:11,1
DA:12,1
LF:12
LH:12
BRF:0
BRH:0
end_of_record
TN:
SF:src/services/utils/fastCopy.ts
FN:2,fastCopy
FNF:1
FNH:1
FNDA:3,fastCopy
DA:1,1
DA:2,1
DA:3,3
DA:4,3
DA:5,1
DA:6,1
DA:7,1
DA:8,1
DA:9,1
DA:10,1
DA:11,1
DA:12,1
LF:12
LH:12
BRDA:2,0,0,3
BRF:1
BRH:1
end_of_record
TN:
SF:src/services/utils/fieldNameFlag.ts
FNF:0
FNH:0
DA:1,1
DA:2,1
DA:3,1
DA:4,1
DA:5,1
DA:6,1
DA:7,1
DA:8,1
DA:9,1
LF:9
LH:9
BRDA:4,0,0,4
BRF:1
BRH:1
end_of_record
TN:
SF:src/services/utils/relineOptions.ts
FN:1,(empty-report)
FNF:1
FNH:0
FNDA:0,(empty-report)
DA:1,0
DA:2,0
DA:3,0
DA:4,0
DA:5,0
LF:5
LH:0
BRDA:1,0,0,0
BRF:1
BRH:0
end_of_record
